<?xml version="1.0" encoding="UTF-8"?>
<!-- Generated by org.testng.reporters.JUnitReportReporter -->
<testsuite hostname="CESIT-LAP-0177" failures="0" tests="2" name="Amazon.TC_TodaysDeals" time="20.477" errors="0" timestamp="2021-10-21T16:43:44 IST" skipped="0">
  <testcase classname="Amazon.TC_TodaysDeals" name="Electronics" time="11.342"/>
  <system-out/>
  <testcase classname="Amazon.TC_TodaysDeals" name="AutomationCheck" time="9.135"/>
  <system-out/>
</testsuite> <!-- Amazon.TC_TodaysDeals -->
