<?xml version="1.0" encoding="UTF-8"?>
<!-- Generated by org.testng.reporters.JUnitReportReporter -->
<testsuite hostname="CESIT-LAP-0177" failures="0" tests="2" name="Amazon.TC_TodaysDeals" time="19.480" errors="0" timestamp="2021-10-25T14:52:00 IST" skipped="0">
  <testcase classname="Amazon.TC_TodaysDeals" name="Electronics" time="9.634"/>
  <system-out/>
  <testcase classname="Amazon.TC_TodaysDeals" name="AutomationCheck" time="9.846"/>
  <system-out/>
</testsuite> <!-- Amazon.TC_TodaysDeals -->
