<?xml version="1.0" encoding="UTF-8"?>
<!-- Generated by org.testng.reporters.JUnitReportReporter -->
<testsuite hostname="CESIT-LAP-0177" failures="0" tests="1" name="Amazon.TC_Banner01" time="3.097" errors="0" timestamp="2021-10-25T14:52:00 IST" skipped="0">
  <testcase classname="Amazon.TC_Banner01" name="LoginCheck" time="3.097"/>
  <system-out/>
</testsuite> <!-- Amazon.TC_Banner01 -->
