<?xml version="1.0" encoding="UTF-8"?>
<!-- Generated by org.testng.reporters.JUnitReportReporter -->
<testsuite hostname="CESIT-LAP-0177" failures="0" tests="2" name="Amazon.TC_TodaysDeals" time="21.188" errors="0" timestamp="2021-10-21T15:11:32 IST" skipped="0">
  <testcase classname="Amazon.TC_TodaysDeals" name="AutomationCheck" time="11.087"/>
  <system-out/>
  <testcase classname="Amazon.TC_TodaysDeals" name="Electronics" time="10.101"/>
  <system-out/>
</testsuite> <!-- Amazon.TC_TodaysDeals -->
